<?xml version="1.0" encoding="UTF-8"?>
<testsuite name="app.textGame_backend.TextGameBackendApplicationTests" tests="1" skipped="0" failures="0" errors="0" timestamp="2021-04-28T15:51:24" hostname="Guans-MacBook-Pro.local" time="0.086">
  <properties/>
  <testcase name="contextLoads()" classname="app.textGame_backend.TextGameBackendApplicationTests" time="0.086"/>
  <system-out><![CDATA[23:50:51.269 [Test worker] DEBUG org.springframework.test.context.BootstrapUtils - Instantiating CacheAwareContextLoaderDelegate from class [org.springframework.test.context.cache.DefaultCacheAwareContextLoaderDelegate]
23:50:51.278 [Test worker] DEBUG org.springframework.test.context.BootstrapUtils - Instantiating BootstrapContext using constructor [public org.springframework.test.context.support.DefaultBootstrapContext(java.lang.Class,org.springframework.test.context.CacheAwareContextLoaderDelegate)]
23:50:51.315 [Test worker] DEBUG org.springframework.test.context.BootstrapUtils - Instantiating TestContextBootstrapper for test class [app.textGame_backend.TextGameBackendApplicationTests] from class [org.springframework.boot.test.context.SpringBootTestContextBootstrapper]
23:50:51.327 [Test worker] INFO org.springframework.boot.test.context.SpringBootTestContextBootstrapper - Neither @ContextConfiguration nor @ContextHierarchy found for test class [app.textGame_backend.TextGameBackendApplicationTests], using SpringBootContextLoader
23:50:51.330 [Test worker] DEBUG org.springframework.test.context.support.AbstractContextLoader - Did not detect default resource location for test class [app.textGame_backend.TextGameBackendApplicationTests]: class path resource [app/textGame_backend/TextGameBackendApplicationTests-context.xml] does not exist
23:50:51.330 [Test worker] DEBUG org.springframework.test.context.support.AbstractContextLoader - Did not detect default resource location for test class [app.textGame_backend.TextGameBackendApplicationTests]: class path resource [app/textGame_backend/TextGameBackendApplicationTestsContext.groovy] does not exist
23:50:51.330 [Test worker] INFO org.springframework.test.context.support.AbstractContextLoader - Could not detect default resource locations for test class [app.textGame_backend.TextGameBackendApplicationTests]: no resource found for suffixes {-context.xml, Context.groovy}.
23:50:51.331 [Test worker] INFO org.springframework.test.context.support.AnnotationConfigContextLoaderUtils - Could not detect default configuration classes for test class [app.textGame_backend.TextGameBackendApplicationTests]: TextGameBackendApplicationTests does not declare any static, non-private, non-final, nested classes annotated with @Configuration.
23:50:51.389 [Test worker] DEBUG org.springframework.test.context.support.ActiveProfilesUtils - Could not find an 'annotation declaring class' for annotation type [org.springframework.test.context.ActiveProfiles] and class [app.textGame_backend.TextGameBackendApplicationTests]
23:50:51.469 [Test worker] DEBUG org.springframework.context.annotation.ClassPathScanningCandidateComponentProvider - Identified candidate component class: file [/Users/guanzetan/Documents/GitHub/textGame_backend/build/classes/java/main/app/textGame_backend/TextGameBackendApplication.class]
23:50:51.472 [Test worker] INFO org.springframework.boot.test.context.SpringBootTestContextBootstrapper - Found @SpringBootConfiguration app.textGame_backend.TextGameBackendApplication for test class app.textGame_backend.TextGameBackendApplicationTests
23:50:51.589 [Test worker] DEBUG org.springframework.boot.test.context.SpringBootTestContextBootstrapper - @TestExecutionListeners is not present for class [app.textGame_backend.TextGameBackendApplicationTests]: using defaults.
23:50:51.590 [Test worker] INFO org.springframework.boot.test.context.SpringBootTestContextBootstrapper - Loaded default TestExecutionListener class names from location [META-INF/spring.factories]: [org.springframework.boot.test.autoconfigure.restdocs.RestDocsTestExecutionListener, org.springframework.boot.test.autoconfigure.web.client.MockRestServiceServerResetTestExecutionListener, org.springframework.boot.test.autoconfigure.web.servlet.MockMvcPrintOnlyOnFailureTestExecutionListener, org.springframework.boot.test.autoconfigure.web.servlet.WebDriverTestExecutionListener, org.springframework.boot.test.autoconfigure.webservices.client.MockWebServiceServerTestExecutionListener, org.springframework.boot.test.mock.mockito.MockitoTestExecutionListener, org.springframework.boot.test.mock.mockito.ResetMocksTestExecutionListener, org.springframework.test.context.web.ServletTestExecutionListener, org.springframework.test.context.support.DirtiesContextBeforeModesTestExecutionListener, org.springframework.test.context.event.ApplicationEventsTestExecutionListener, org.springframework.test.context.support.DependencyInjectionTestExecutionListener, org.springframework.test.context.support.DirtiesContextTestExecutionListener, org.springframework.test.context.transaction.TransactionalTestExecutionListener, org.springframework.test.context.jdbc.SqlScriptsTestExecutionListener, org.springframework.test.context.event.EventPublishingTestExecutionListener]
23:50:51.606 [Test worker] INFO org.springframework.boot.test.context.SpringBootTestContextBootstrapper - Using TestExecutionListeners: [org.springframework.test.context.web.ServletTestExecutionListener@72a7965f, org.springframework.test.context.support.DirtiesContextBeforeModesTestExecutionListener@5f405fd1, org.springframework.test.context.event.ApplicationEventsTestExecutionListener@64f83330, org.springframework.boot.test.mock.mockito.MockitoTestExecutionListener@20920d48, org.springframework.boot.test.autoconfigure.SpringBootDependencyInjectionTestExecutionListener@6ec9626b, org.springframework.test.context.support.DirtiesContextTestExecutionListener@332a16b4, org.springframework.test.context.transaction.TransactionalTestExecutionListener@16eed252, org.springframework.test.context.jdbc.SqlScriptsTestExecutionListener@2626658a, org.springframework.test.context.event.EventPublishingTestExecutionListener@359811f, org.springframework.boot.test.autoconfigure.restdocs.RestDocsTestExecutionListener@6025b876, org.springframework.boot.test.autoconfigure.web.client.MockRestServiceServerResetTestExecutionListener@398a62, org.springframework.boot.test.autoconfigure.web.servlet.MockMvcPrintOnlyOnFailureTestExecutionListener@1526b5da, org.springframework.boot.test.autoconfigure.web.servlet.WebDriverTestExecutionListener@5a389f18, org.springframework.boot.test.autoconfigure.webservices.client.MockWebServiceServerTestExecutionListener@17937a21, org.springframework.boot.test.mock.mockito.ResetMocksTestExecutionListener@5b35882b]
23:50:51.609 [Test worker] DEBUG org.springframework.test.context.support.AbstractDirtiesContextTestExecutionListener - Before test class: context [DefaultTestContext@7a91ad2 testClass = TextGameBackendApplicationTests, testInstance = [null], testMethod = [null], testException = [null], mergedContextConfiguration = [WebMergedContextConfiguration@6626b3ed testClass = TextGameBackendApplicationTests, locations = '{}', classes = '{class app.textGame_backend.TextGameBackendApplication}', contextInitializerClasses = '[]', activeProfiles = '{}', propertySourceLocations = '{}', propertySourceProperties = '{org.springframework.boot.test.context.SpringBootTestContextBootstrapper=true}', contextCustomizers = set[org.springframework.boot.test.autoconfigure.actuate.metrics.MetricsExportContextCustomizerFactory$DisableMetricExportContextCustomizer@52e77bee, org.springframework.boot.test.autoconfigure.properties.PropertyMappingContextCustomizer@0, org.springframework.boot.test.autoconfigure.web.servlet.WebDriverContextCustomizerFactory$Customizer@327b6eea, org.springframework.boot.test.context.filter.ExcludeFilterContextCustomizer@2df06e74, org.springframework.boot.test.json.DuplicateJsonObjectContextCustomizerFactory$DuplicateJsonObjectContextCustomizer@1178e0c1, org.springframework.boot.test.mock.mockito.MockitoContextCustomizer@0, org.springframework.boot.test.web.client.TestRestTemplateContextCustomizer@3beac4bd, org.springframework.boot.test.context.SpringBootTestArgs@1, org.springframework.boot.test.context.SpringBootTestWebEnvironment@2bd66ac7], resourceBasePath = 'src/main/webapp', contextLoader = 'org.springframework.boot.test.context.SpringBootContextLoader', parent = [null]], attributes = map['org.springframework.test.context.web.ServletTestExecutionListener.activateListener' -> true]], class annotated with @DirtiesContext [false] with mode [null].
23:50:51.648 [Test worker] DEBUG org.springframework.test.context.support.TestPropertySourceUtils - Adding inlined properties to environment: {spring.jmx.enabled=false, org.springframework.boot.test.context.SpringBootTestContextBootstrapper=true}

  .   ____          _            __ _ _
 /\\ / ___'_ __ _ _(_)_ __  __ _ \ \ \ \
( ( )\___ | '_ | '_| | '_ \/ _` | \ \ \ \
 \\/  ___)| |_)| | | | | || (_| |  ) ) ) )
  '  |____| .__|_| |_|_| |_\__, | / / / /
 =========|_|==============|___/=/_/_/_/
 :: Spring Boot ::                (v2.4.3)

2021-04-28 23:51:07.160  WARN 1784 --- [    Test worker] o.s.boot.StartupInfoLogger               : InetAddress.getLocalHost().getHostName() took 5007 milliseconds to respond. Please verify your network configuration (macOS machines may need to add entries to /etc/hosts).
2021-04-28 23:51:12.186  INFO 1784 --- [    Test worker] a.t.TextGameBackendApplicationTests      : Starting TextGameBackendApplicationTests using Java 1.8.0_271 on Guans-MacBook-Pro.local with PID 1784 (started by guanzetan in /Users/guanzetan/Documents/GitHub/textGame_backend)
2021-04-28 23:51:12.210  INFO 1784 --- [    Test worker] a.t.TextGameBackendApplicationTests      : No active profile set, falling back to default profiles: default
2021-04-28 23:51:13.254  INFO 1784 --- [    Test worker] .s.d.r.c.RepositoryConfigurationDelegate : Bootstrapping Spring Data JPA repositories in DEFAULT mode.
2021-04-28 23:51:13.360  INFO 1784 --- [    Test worker] .s.d.r.c.RepositoryConfigurationDelegate : Finished Spring Data repository scanning in 98 ms. Found 5 JPA repository interfaces.
2021-04-28 23:51:14.409  INFO 1784 --- [    Test worker] o.hibernate.jpa.internal.util.LogHelper  : HHH000204: Processing PersistenceUnitInfo [name: default]
2021-04-28 23:51:14.441  INFO 1784 --- [    Test worker] org.hibernate.Version                    : HHH000412: Hibernate ORM core version 5.4.28.Final
2021-04-28 23:51:14.626  INFO 1784 --- [    Test worker] o.hibernate.annotations.common.Version   : HCANN000001: Hibernate Commons Annotations {5.1.2.Final}
2021-04-28 23:51:14.703  INFO 1784 --- [    Test worker] com.zaxxer.hikari.HikariDataSource       : HikariPool-1 - Starting...
2021-04-28 23:51:20.013  INFO 1784 --- [    Test worker] com.zaxxer.hikari.HikariDataSource       : HikariPool-1 - Start completed.
2021-04-28 23:51:20.063  INFO 1784 --- [    Test worker] org.hibernate.dialect.Dialect            : HHH000400: Using dialect: org.hibernate.dialect.MySQL8Dialect
2021-04-28 23:51:21.195  INFO 1784 --- [    Test worker] o.h.e.t.j.p.i.JtaPlatformInitiator       : HHH000490: Using JtaPlatform implementation: [org.hibernate.engine.transaction.jta.platform.internal.NoJtaPlatform]
2021-04-28 23:51:21.214  INFO 1784 --- [    Test worker] j.LocalContainerEntityManagerFactoryBean : Initialized JPA EntityManagerFactory for persistence unit 'default'
2021-04-28 23:51:22.576  WARN 1784 --- [    Test worker] JpaBaseConfiguration$JpaWebConfiguration : spring.jpa.open-in-view is enabled by default. Therefore, database queries may be performed during view rendering. Explicitly configure spring.jpa.open-in-view to disable this warning
2021-04-28 23:51:23.331  INFO 1784 --- [    Test worker] o.s.s.concurrent.ThreadPoolTaskExecutor  : Initializing ExecutorService 'applicationTaskExecutor'
2021-04-28 23:51:23.980  INFO 1784 --- [    Test worker] a.t.TextGameBackendApplicationTests      : Started TextGameBackendApplicationTests in 32.326 seconds (JVM running for 33.834)
]]></system-out>
  <system-err><![CDATA[]]></system-err>
</testsuite>
