<?xml version="1.0" encoding="UTF-8"?>
<testsuite name="app.textGame_backend.TextGameBackendApplicationTests" tests="1" skipped="0" failures="0" errors="0" timestamp="2021-04-16T15:37:42" hostname="Guans-MacBook-Pro.local" time="0.114">
  <properties/>
  <testcase name="contextLoads()" classname="app.textGame_backend.TextGameBackendApplicationTests" time="0.114"/>
  <system-out><![CDATA[23:37:08.675 [Test worker] DEBUG org.springframework.test.context.BootstrapUtils - Instantiating CacheAwareContextLoaderDelegate from class [org.springframework.test.context.cache.DefaultCacheAwareContextLoaderDelegate]
23:37:08.683 [Test worker] DEBUG org.springframework.test.context.BootstrapUtils - Instantiating BootstrapContext using constructor [public org.springframework.test.context.support.DefaultBootstrapContext(java.lang.Class,org.springframework.test.context.CacheAwareContextLoaderDelegate)]
23:37:08.723 [Test worker] DEBUG org.springframework.test.context.BootstrapUtils - Instantiating TestContextBootstrapper for test class [app.textGame_backend.TextGameBackendApplicationTests] from class [org.springframework.boot.test.context.SpringBootTestContextBootstrapper]
23:37:08.736 [Test worker] INFO org.springframework.boot.test.context.SpringBootTestContextBootstrapper - Neither @ContextConfiguration nor @ContextHierarchy found for test class [app.textGame_backend.TextGameBackendApplicationTests], using SpringBootContextLoader
23:37:08.739 [Test worker] DEBUG org.springframework.test.context.support.AbstractContextLoader - Did not detect default resource location for test class [app.textGame_backend.TextGameBackendApplicationTests]: class path resource [app/textGame_backend/TextGameBackendApplicationTests-context.xml] does not exist
23:37:08.739 [Test worker] DEBUG org.springframework.test.context.support.AbstractContextLoader - Did not detect default resource location for test class [app.textGame_backend.TextGameBackendApplicationTests]: class path resource [app/textGame_backend/TextGameBackendApplicationTestsContext.groovy] does not exist
23:37:08.739 [Test worker] INFO org.springframework.test.context.support.AbstractContextLoader - Could not detect default resource locations for test class [app.textGame_backend.TextGameBackendApplicationTests]: no resource found for suffixes {-context.xml, Context.groovy}.
23:37:08.740 [Test worker] INFO org.springframework.test.context.support.AnnotationConfigContextLoaderUtils - Could not detect default configuration classes for test class [app.textGame_backend.TextGameBackendApplicationTests]: TextGameBackendApplicationTests does not declare any static, non-private, non-final, nested classes annotated with @Configuration.
23:37:08.808 [Test worker] DEBUG org.springframework.test.context.support.ActiveProfilesUtils - Could not find an 'annotation declaring class' for annotation type [org.springframework.test.context.ActiveProfiles] and class [app.textGame_backend.TextGameBackendApplicationTests]
23:37:08.894 [Test worker] DEBUG org.springframework.context.annotation.ClassPathScanningCandidateComponentProvider - Identified candidate component class: file [/Users/guanzetan/Documents/GitHub/textGame_backend/build/classes/java/main/app/textGame_backend/TextGameBackendApplication.class]
23:37:08.897 [Test worker] INFO org.springframework.boot.test.context.SpringBootTestContextBootstrapper - Found @SpringBootConfiguration app.textGame_backend.TextGameBackendApplication for test class app.textGame_backend.TextGameBackendApplicationTests
23:37:09.031 [Test worker] DEBUG org.springframework.boot.test.context.SpringBootTestContextBootstrapper - @TestExecutionListeners is not present for class [app.textGame_backend.TextGameBackendApplicationTests]: using defaults.
23:37:09.032 [Test worker] INFO org.springframework.boot.test.context.SpringBootTestContextBootstrapper - Loaded default TestExecutionListener class names from location [META-INF/spring.factories]: [org.springframework.boot.test.autoconfigure.restdocs.RestDocsTestExecutionListener, org.springframework.boot.test.autoconfigure.web.client.MockRestServiceServerResetTestExecutionListener, org.springframework.boot.test.autoconfigure.web.servlet.MockMvcPrintOnlyOnFailureTestExecutionListener, org.springframework.boot.test.autoconfigure.web.servlet.WebDriverTestExecutionListener, org.springframework.boot.test.autoconfigure.webservices.client.MockWebServiceServerTestExecutionListener, org.springframework.boot.test.mock.mockito.MockitoTestExecutionListener, org.springframework.boot.test.mock.mockito.ResetMocksTestExecutionListener, org.springframework.test.context.web.ServletTestExecutionListener, org.springframework.test.context.support.DirtiesContextBeforeModesTestExecutionListener, org.springframework.test.context.event.ApplicationEventsTestExecutionListener, org.springframework.test.context.support.DependencyInjectionTestExecutionListener, org.springframework.test.context.support.DirtiesContextTestExecutionListener, org.springframework.test.context.transaction.TransactionalTestExecutionListener, org.springframework.test.context.jdbc.SqlScriptsTestExecutionListener, org.springframework.test.context.event.EventPublishingTestExecutionListener]
23:37:09.046 [Test worker] INFO org.springframework.boot.test.context.SpringBootTestContextBootstrapper - Using TestExecutionListeners: [org.springframework.test.context.web.ServletTestExecutionListener@7c42b597, org.springframework.test.context.support.DirtiesContextBeforeModesTestExecutionListener@6af0f9bb, org.springframework.test.context.event.ApplicationEventsTestExecutionListener@610958, org.springframework.boot.test.mock.mockito.MockitoTestExecutionListener@48a8b0df, org.springframework.boot.test.autoconfigure.SpringBootDependencyInjectionTestExecutionListener@21af4a50, org.springframework.test.context.support.DirtiesContextTestExecutionListener@4c7f52ff, org.springframework.test.context.transaction.TransactionalTestExecutionListener@44dca9e1, org.springframework.test.context.jdbc.SqlScriptsTestExecutionListener@497fc7ed, org.springframework.test.context.event.EventPublishingTestExecutionListener@12d9e958, org.springframework.boot.test.autoconfigure.restdocs.RestDocsTestExecutionListener@2407b956, org.springframework.boot.test.autoconfigure.web.client.MockRestServiceServerResetTestExecutionListener@5359f96, org.springframework.boot.test.autoconfigure.web.servlet.MockMvcPrintOnlyOnFailureTestExecutionListener@32427072, org.springframework.boot.test.autoconfigure.web.servlet.WebDriverTestExecutionListener@6f8ccc4b, org.springframework.boot.test.autoconfigure.webservices.client.MockWebServiceServerTestExecutionListener@76d805e5, org.springframework.boot.test.mock.mockito.ResetMocksTestExecutionListener@5fb8fd87]
23:37:09.050 [Test worker] DEBUG org.springframework.test.context.support.AbstractDirtiesContextTestExecutionListener - Before test class: context [DefaultTestContext@26969f15 testClass = TextGameBackendApplicationTests, testInstance = [null], testMethod = [null], testException = [null], mergedContextConfiguration = [WebMergedContextConfiguration@254dac4f testClass = TextGameBackendApplicationTests, locations = '{}', classes = '{class app.textGame_backend.TextGameBackendApplication}', contextInitializerClasses = '[]', activeProfiles = '{}', propertySourceLocations = '{}', propertySourceProperties = '{org.springframework.boot.test.context.SpringBootTestContextBootstrapper=true}', contextCustomizers = set[org.springframework.boot.test.autoconfigure.actuate.metrics.MetricsExportContextCustomizerFactory$DisableMetricExportContextCustomizer@62192936, org.springframework.boot.test.autoconfigure.properties.PropertyMappingContextCustomizer@0, org.springframework.boot.test.autoconfigure.web.servlet.WebDriverContextCustomizerFactory$Customizer@66e4668f, org.springframework.boot.test.context.filter.ExcludeFilterContextCustomizer@2674f35b, org.springframework.boot.test.json.DuplicateJsonObjectContextCustomizerFactory$DuplicateJsonObjectContextCustomizer@35c8d9d3, org.springframework.boot.test.mock.mockito.MockitoContextCustomizer@0, org.springframework.boot.test.web.client.TestRestTemplateContextCustomizer@5d58752b, org.springframework.boot.test.context.SpringBootTestArgs@1, org.springframework.boot.test.context.SpringBootTestWebEnvironment@232be34f], resourceBasePath = 'src/main/webapp', contextLoader = 'org.springframework.boot.test.context.SpringBootContextLoader', parent = [null]], attributes = map['org.springframework.test.context.web.ServletTestExecutionListener.activateListener' -> true]], class annotated with @DirtiesContext [false] with mode [null].
23:37:09.093 [Test worker] DEBUG org.springframework.test.context.support.TestPropertySourceUtils - Adding inlined properties to environment: {spring.jmx.enabled=false, org.springframework.boot.test.context.SpringBootTestContextBootstrapper=true}

  .   ____          _            __ _ _
 /\\ / ___'_ __ _ _(_)_ __  __ _ \ \ \ \
( ( )\___ | '_ | '_| | '_ \/ _` | \ \ \ \
 \\/  ___)| |_)| | | | | || (_| |  ) ) ) )
  '  |____| .__|_| |_|_| |_\__, | / / / /
 =========|_|==============|___/=/_/_/_/
 :: Spring Boot ::                (v2.4.3)

2021-04-16 23:37:24.599  WARN 4286 --- [    Test worker] o.s.boot.StartupInfoLogger               : InetAddress.getLocalHost().getHostName() took 5008 milliseconds to respond. Please verify your network configuration (macOS machines may need to add entries to /etc/hosts).
2021-04-16 23:37:29.622  INFO 4286 --- [    Test worker] a.t.TextGameBackendApplicationTests      : Starting TextGameBackendApplicationTests using Java 1.8.0_271 on Guans-MacBook-Pro.local with PID 4286 (started by guanzetan in /Users/guanzetan/Documents/GitHub/textGame_backend)
2021-04-16 23:37:29.645  INFO 4286 --- [    Test worker] a.t.TextGameBackendApplicationTests      : No active profile set, falling back to default profiles: default
2021-04-16 23:37:30.723  INFO 4286 --- [    Test worker] .s.d.r.c.RepositoryConfigurationDelegate : Bootstrapping Spring Data JPA repositories in DEFAULT mode.
2021-04-16 23:37:30.862  INFO 4286 --- [    Test worker] .s.d.r.c.RepositoryConfigurationDelegate : Finished Spring Data repository scanning in 132 ms. Found 5 JPA repository interfaces.
2021-04-16 23:37:31.941  INFO 4286 --- [    Test worker] o.hibernate.jpa.internal.util.LogHelper  : HHH000204: Processing PersistenceUnitInfo [name: default]
2021-04-16 23:37:31.971  INFO 4286 --- [    Test worker] org.hibernate.Version                    : HHH000412: Hibernate ORM core version 5.4.28.Final
2021-04-16 23:37:32.171  INFO 4286 --- [    Test worker] o.hibernate.annotations.common.Version   : HCANN000001: Hibernate Commons Annotations {5.1.2.Final}
2021-04-16 23:37:32.273  INFO 4286 --- [    Test worker] com.zaxxer.hikari.HikariDataSource       : HikariPool-1 - Starting...
2021-04-16 23:37:38.155  INFO 4286 --- [    Test worker] com.zaxxer.hikari.HikariDataSource       : HikariPool-1 - Start completed.
2021-04-16 23:37:38.203  INFO 4286 --- [    Test worker] org.hibernate.dialect.Dialect            : HHH000400: Using dialect: org.hibernate.dialect.MySQL8Dialect
2021-04-16 23:37:39.495  INFO 4286 --- [    Test worker] o.h.e.t.j.p.i.JtaPlatformInitiator       : HHH000490: Using JtaPlatform implementation: [org.hibernate.engine.transaction.jta.platform.internal.NoJtaPlatform]
2021-04-16 23:37:39.507  INFO 4286 --- [    Test worker] j.LocalContainerEntityManagerFactoryBean : Initialized JPA EntityManagerFactory for persistence unit 'default'
2021-04-16 23:37:40.926  WARN 4286 --- [    Test worker] JpaBaseConfiguration$JpaWebConfiguration : spring.jpa.open-in-view is enabled by default. Therefore, database queries may be performed during view rendering. Explicitly configure spring.jpa.open-in-view to disable this warning
2021-04-16 23:37:41.524  INFO 4286 --- [    Test worker] o.s.s.concurrent.ThreadPoolTaskExecutor  : Initializing ExecutorService 'applicationTaskExecutor'
2021-04-16 23:37:42.299  INFO 4286 --- [    Test worker] a.t.TextGameBackendApplicationTests      : Started TextGameBackendApplicationTests in 33.2 seconds (JVM running for 34.672)
]]></system-out>
  <system-err><![CDATA[]]></system-err>
</testsuite>
